<?xml version="1.0" encoding="UTF-8"?>
<!-- Generated by org.testng.reporters.JUnitReportReporter -->
<testsuite hostname="LEGION" failures="0" tests="6" name="com.ixigo.testcases.IxigoTest" time="15.126" errors="0" timestamp="2022-12-24T15:31:30 IST" skipped="0">
  <testcase classname="com.ixigo.testcases.IxigoTest" name="clearData" time="0.053"/>
  <system-out/>
  <testcase classname="com.ixigo.testcases.IxigoTest" name="landingPageData" time="2.376"/>
  <system-out/>
  <testcase classname="com.ixigo.testcases.IxigoTest" name="datePickerData" time="0.446"/>
  <system-out/>
  <testcase classname="com.ixigo.testcases.IxigoTest" name="clickSearch" time="0.063"/>
  <system-out/>
  <testcase classname="com.ixigo.testcases.IxigoTest" name="selectFlight" time="12.047"/>
  <system-out/>
  <testcase classname="com.ixigo.testcases.IxigoTest" name="checkFlightPrices" time="0.141"/>
  <system-out/>
</testsuite> <!-- com.ixigo.testcases.IxigoTest -->
